<?xml version="1.0" encoding="UTF-8" standalone="yes" ?>
<test-results name="C:\Users\Gabriel\Desktop\DEV\TestesCalc\Testes\Win32\Debug\Project1.exe" total="2" errors="0" failures="0" ignored="0" inconclusive="0" not-run="0" skipped="0" invalid="0" date="2026-01-16" time="0.028">
  <culture-info current-culture="en" current-uiculture="en" />
  <test-suite type="Assembly" name="Project1.exe" executed="true" result="Success" success="True" time="0.028" asserts="0">
    <results>
        <test-suite type="Namespace" name="TestesCalc" executed="true" result="Success" success="True" time="0.028" asserts="0" >
          <results>
              <test-suite type="Fixture" name="TMyTestObject" executed="True" result="Success" success="True" time="0.028" >
                <results>
                  <test-case name="Somar" executed="True" result="Success" success="True" time="0.000" asserts="0" />
                  <test-case name="FormatarCPFCNPJ" executed="True" result="Success" success="True" time="0.000" asserts="0" />
                </results>
              </test-suite>
          </results>
        </test-suite>
    </results>
  </test-suite>
</test-results>
